<?xml version="1.0" encoding="UTF-8"?>
<testsuite name="com.mjh8518.book.springstudy.domain.posts.PostsRepositoryTest" tests="2" skipped="0" failures="0" errors="0" timestamp="2022-09-13T09:29:49" hostname="DESKTOP-IJH42MS" time="0.443">
  <properties/>
  <testcase name="게시글저장_불러오기()" classname="com.mjh8518.book.springstudy.domain.posts.PostsRepositoryTest" time="0.421"/>
  <testcase name="BaseTimeEntity_등록()" classname="com.mjh8518.book.springstudy.domain.posts.PostsRepositoryTest" time="0.021"/>
  <system-out><![CDATA[18:29:41.406 [Test worker] DEBUG org.springframework.test.context.BootstrapUtils - Instantiating CacheAwareContextLoaderDelegate from class [org.springframework.test.context.cache.DefaultCacheAwareContextLoaderDelegate]
18:29:41.424 [Test worker] DEBUG org.springframework.test.context.BootstrapUtils - Instantiating BootstrapContext using constructor [public org.springframework.test.context.support.DefaultBootstrapContext(java.lang.Class,org.springframework.test.context.CacheAwareContextLoaderDelegate)]
18:29:41.474 [Test worker] DEBUG org.springframework.test.context.BootstrapUtils - Instantiating TestContextBootstrapper for test class [com.mjh8518.book.springstudy.domain.posts.PostsRepositoryTest] from class [org.springframework.boot.test.context.SpringBootTestContextBootstrapper]
18:29:41.494 [Test worker] INFO org.springframework.boot.test.context.SpringBootTestContextBootstrapper - Neither @ContextConfiguration nor @ContextHierarchy found for test class [com.mjh8518.book.springstudy.domain.posts.PostsRepositoryTest], using SpringBootContextLoader
18:29:41.502 [Test worker] DEBUG org.springframework.test.context.support.AbstractContextLoader - Did not detect default resource location for test class [com.mjh8518.book.springstudy.domain.posts.PostsRepositoryTest]: class path resource [com/mjh8518/book/springstudy/domain/posts/PostsRepositoryTest-context.xml] does not exist
18:29:41.502 [Test worker] DEBUG org.springframework.test.context.support.AbstractContextLoader - Did not detect default resource location for test class [com.mjh8518.book.springstudy.domain.posts.PostsRepositoryTest]: class path resource [com/mjh8518/book/springstudy/domain/posts/PostsRepositoryTestContext.groovy] does not exist
18:29:41.503 [Test worker] INFO org.springframework.test.context.support.AbstractContextLoader - Could not detect default resource locations for test class [com.mjh8518.book.springstudy.domain.posts.PostsRepositoryTest]: no resource found for suffixes {-context.xml, Context.groovy}.
18:29:41.504 [Test worker] INFO org.springframework.test.context.support.AnnotationConfigContextLoaderUtils - Could not detect default configuration classes for test class [com.mjh8518.book.springstudy.domain.posts.PostsRepositoryTest]: PostsRepositoryTest does not declare any static, non-private, non-final, nested classes annotated with @Configuration.
18:29:41.565 [Test worker] DEBUG org.springframework.test.context.support.ActiveProfilesUtils - Could not find an 'annotation declaring class' for annotation type [org.springframework.test.context.ActiveProfiles] and class [com.mjh8518.book.springstudy.domain.posts.PostsRepositoryTest]
18:29:41.647 [Test worker] DEBUG org.springframework.context.annotation.ClassPathScanningCandidateComponentProvider - Identified candidate component class: file [C:\Users\mjh85\SpringProject\springstudy\build\classes\java\main\com\mjh8518\book\springstudy\Application.class]
18:29:41.648 [Test worker] INFO org.springframework.boot.test.context.SpringBootTestContextBootstrapper - Found @SpringBootConfiguration com.mjh8518.book.springstudy.Application for test class com.mjh8518.book.springstudy.domain.posts.PostsRepositoryTest
18:29:41.768 [Test worker] DEBUG org.springframework.boot.test.context.SpringBootTestContextBootstrapper - @TestExecutionListeners is not present for class [com.mjh8518.book.springstudy.domain.posts.PostsRepositoryTest]: using defaults.
18:29:41.769 [Test worker] INFO org.springframework.boot.test.context.SpringBootTestContextBootstrapper - Loaded default TestExecutionListener class names from location [META-INF/spring.factories]: [org.springframework.security.test.context.support.WithSecurityContextTestExecutionListener, org.springframework.security.test.context.support.ReactorContextTestExecutionListener, org.springframework.boot.test.autoconfigure.restdocs.RestDocsTestExecutionListener, org.springframework.boot.test.autoconfigure.web.client.MockRestServiceServerResetTestExecutionListener, org.springframework.boot.test.autoconfigure.web.servlet.MockMvcPrintOnlyOnFailureTestExecutionListener, org.springframework.boot.test.autoconfigure.web.servlet.WebDriverTestExecutionListener, org.springframework.boot.test.autoconfigure.webservices.client.MockWebServiceServerTestExecutionListener, org.springframework.boot.test.mock.mockito.MockitoTestExecutionListener, org.springframework.boot.test.mock.mockito.ResetMocksTestExecutionListener, org.springframework.test.context.web.ServletTestExecutionListener, org.springframework.test.context.support.DirtiesContextBeforeModesTestExecutionListener, org.springframework.test.context.support.DependencyInjectionTestExecutionListener, org.springframework.test.context.support.DirtiesContextTestExecutionListener, org.springframework.test.context.transaction.TransactionalTestExecutionListener, org.springframework.test.context.jdbc.SqlScriptsTestExecutionListener, org.springframework.test.context.event.EventPublishingTestExecutionListener]
18:29:41.797 [Test worker] INFO org.springframework.boot.test.context.SpringBootTestContextBootstrapper - Using TestExecutionListeners: [org.springframework.test.context.web.ServletTestExecutionListener@7674a051, org.springframework.test.context.support.DirtiesContextBeforeModesTestExecutionListener@3a7704c, org.springframework.boot.test.mock.mockito.MockitoTestExecutionListener@6754ef00, org.springframework.boot.test.autoconfigure.SpringBootDependencyInjectionTestExecutionListener@619bd14c, org.springframework.test.context.support.DirtiesContextTestExecutionListener@323e8306, org.springframework.test.context.transaction.TransactionalTestExecutionListener@a23a01d, org.springframework.test.context.jdbc.SqlScriptsTestExecutionListener@4acf72b6, org.springframework.security.test.context.support.WithSecurityContextTestExecutionListener@7561db12, org.springframework.test.context.event.EventPublishingTestExecutionListener@3301500b, org.springframework.security.test.context.support.ReactorContextTestExecutionListener@24b52d3e, org.springframework.boot.test.autoconfigure.restdocs.RestDocsTestExecutionListener@15deb1dc, org.springframework.boot.test.autoconfigure.web.client.MockRestServiceServerResetTestExecutionListener@6e9c413e, org.springframework.boot.test.autoconfigure.web.servlet.MockMvcPrintOnlyOnFailureTestExecutionListener@57a4d5ee, org.springframework.boot.test.autoconfigure.web.servlet.WebDriverTestExecutionListener@5af5def9, org.springframework.boot.test.autoconfigure.webservices.client.MockWebServiceServerTestExecutionListener@3a45c42a, org.springframework.boot.test.mock.mockito.ResetMocksTestExecutionListener@36dce7ed]
18:29:41.800 [Test worker] DEBUG org.springframework.test.context.support.AbstractDirtiesContextTestExecutionListener - Before test class: context [DefaultTestContext@19868320 testClass = PostsRepositoryTest, testInstance = [null], testMethod = [null], testException = [null], mergedContextConfiguration = [WebMergedContextConfiguration@50b0bc4c testClass = PostsRepositoryTest, locations = '{}', classes = '{class com.mjh8518.book.springstudy.Application}', contextInitializerClasses = '[]', activeProfiles = '{}', propertySourceLocations = '{}', propertySourceProperties = '{org.springframework.boot.test.context.SpringBootTestContextBootstrapper=true}', contextCustomizers = set[org.springframework.boot.test.autoconfigure.actuate.metrics.MetricsExportContextCustomizerFactory$DisableMetricExportContextCustomizer@4678a2eb, org.springframework.boot.test.autoconfigure.properties.PropertyMappingContextCustomizer@0, org.springframework.boot.test.autoconfigure.web.servlet.WebDriverContextCustomizerFactory$Customizer@4bef0fe3, org.springframework.boot.test.context.filter.ExcludeFilterContextCustomizer@556d0826, org.springframework.boot.test.json.DuplicateJsonObjectContextCustomizerFactory$DuplicateJsonObjectContextCustomizer@5bfa8cc5, org.springframework.boot.test.mock.mockito.MockitoContextCustomizer@0, org.springframework.boot.test.web.client.TestRestTemplateContextCustomizer@47605f2f, org.springframework.boot.test.context.SpringBootTestArgs@1, org.springframework.boot.test.context.SpringBootTestWebEnvironment@2f666ebb], resourceBasePath = 'src/main/webapp', contextLoader = 'org.springframework.boot.test.context.SpringBootContextLoader', parent = [null]], attributes = map['org.springframework.test.context.web.ServletTestExecutionListener.activateListener' -> true]], class annotated with @DirtiesContext [false] with mode [null].
18:29:41.837 [Test worker] DEBUG org.springframework.test.context.support.TestPropertySourceUtils - Adding inlined properties to environment: {spring.jmx.enabled=false, org.springframework.boot.test.context.SpringBootTestContextBootstrapper=true}

  .   ____          _            __ _ _
 /\\ / ___'_ __ _ _(_)_ __  __ _ \ \ \ \
( ( )\___ | '_ | '_| | '_ \/ _` | \ \ \ \
 \\/  ___)| |_)| | | | | || (_| |  ) ) ) )
  '  |____| .__|_| |_|_| |_\__, | / / / /
 =========|_|==============|___/=/_/_/_/
 :: Spring Boot ::                (v2.4.1)

2022-09-13 18:29:42.218  INFO 7864 --- [    Test worker] c.m.b.s.d.posts.PostsRepositoryTest      : Starting PostsRepositoryTest using Java 11.0.15 on DESKTOP-IJH42MS with PID 7864 (started by mjh85 in C:\Users\mjh85\SpringProject\springstudy)
2022-09-13 18:29:42.221  INFO 7864 --- [    Test worker] c.m.b.s.d.posts.PostsRepositoryTest      : No active profile set, falling back to default profiles: default
2022-09-13 18:29:43.390  INFO 7864 --- [    Test worker] .s.d.r.c.RepositoryConfigurationDelegate : Bootstrapping Spring Data JPA repositories in DEFAULT mode.
2022-09-13 18:29:43.468  INFO 7864 --- [    Test worker] .s.d.r.c.RepositoryConfigurationDelegate : Finished Spring Data repository scanning in 68 ms. Found 2 JPA repository interfaces.
2022-09-13 18:29:44.339  INFO 7864 --- [    Test worker] com.zaxxer.hikari.HikariDataSource       : HikariPool-1 - Starting...
2022-09-13 18:29:44.611  INFO 7864 --- [    Test worker] com.zaxxer.hikari.HikariDataSource       : HikariPool-1 - Start completed.
2022-09-13 18:29:44.732  INFO 7864 --- [    Test worker] o.hibernate.jpa.internal.util.LogHelper  : HHH000204: Processing PersistenceUnitInfo [name: default]
2022-09-13 18:29:44.841  INFO 7864 --- [    Test worker] org.hibernate.Version                    : HHH000412: Hibernate ORM core version 5.4.25.Final
2022-09-13 18:29:45.076  INFO 7864 --- [    Test worker] o.hibernate.annotations.common.Version   : HCANN000001: Hibernate Commons Annotations {5.1.2.Final}
2022-09-13 18:29:45.262  INFO 7864 --- [    Test worker] org.hibernate.dialect.Dialect            : HHH000400: Using dialect: org.hibernate.dialect.MySQL57Dialect
Hibernate: drop table if exists posts
Hibernate: drop table if exists user
Hibernate: create table posts (id bigint not null auto_increment, create_date datetime(6), modified_date datetime(6), author varchar(255), content TEXT not null, title varchar(500) not null, primary key (id)) engine=InnoDB
Hibernate: create table user (id bigint not null auto_increment, create_date datetime(6), modified_date datetime(6), email varchar(255), name varchar(255) not null, picture varchar(255), role varchar(255) not null, primary key (id)) engine=InnoDB
2022-09-13 18:29:46.132  INFO 7864 --- [    Test worker] o.h.e.t.j.p.i.JtaPlatformInitiator       : HHH000490: Using JtaPlatform implementation: [org.hibernate.engine.transaction.jta.platform.internal.NoJtaPlatform]
2022-09-13 18:29:46.142  INFO 7864 --- [    Test worker] j.LocalContainerEntityManagerFactoryBean : Initialized JPA EntityManagerFactory for persistence unit 'default'
2022-09-13 18:29:46.942  WARN 7864 --- [    Test worker] JpaBaseConfiguration$JpaWebConfiguration : spring.jpa.open-in-view is enabled by default. Therefore, database queries may be performed during view rendering. Explicitly configure spring.jpa.open-in-view to disable this warning
2022-09-13 18:29:47.770  INFO 7864 --- [    Test worker] o.s.s.web.DefaultSecurityFilterChain     : Will secure any request with [org.springframework.security.web.context.request.async.WebAsyncManagerIntegrationFilter@734a2c17, org.springframework.security.web.context.SecurityContextPersistenceFilter@6a6e410c, org.springframework.security.web.header.HeaderWriterFilter@6277a496, org.springframework.security.web.authentication.logout.LogoutFilter@2b441609, org.springframework.security.oauth2.client.web.OAuth2AuthorizationRequestRedirectFilter@6905d030, org.springframework.security.oauth2.client.web.OAuth2LoginAuthenticationFilter@6b35b0f4, org.springframework.security.web.authentication.ui.DefaultLoginPageGeneratingFilter@13e5b262, org.springframework.security.web.authentication.ui.DefaultLogoutPageGeneratingFilter@2d1f9ec3, org.springframework.security.web.savedrequest.RequestCacheAwareFilter@165a5979, org.springframework.security.web.servletapi.SecurityContextHolderAwareRequestFilter@16f62062, org.springframework.security.web.authentication.AnonymousAuthenticationFilter@148f94dc, org.springframework.security.web.session.SessionManagementFilter@5a95aaae, org.springframework.security.web.access.ExceptionTranslationFilter@6d94a966, org.springframework.security.web.access.intercept.FilterSecurityInterceptor@7866a7a6]
2022-09-13 18:29:48.405  INFO 7864 --- [    Test worker] o.s.s.concurrent.ThreadPoolTaskExecutor  : Initializing ExecutorService 'applicationTaskExecutor'
2022-09-13 18:29:48.508  INFO 7864 --- [    Test worker] o.s.b.a.h2.H2ConsoleAutoConfiguration    : H2 console available at '/h2-console'. Database available at 'jdbc:h2:mem:testdb'
2022-09-13 18:29:48.608  INFO 7864 --- [    Test worker] o.s.b.a.w.s.WelcomePageHandlerMapping    : Adding welcome page template: index
2022-09-13 18:29:49.218  INFO 7864 --- [    Test worker] s.a.ScheduledAnnotationBeanPostProcessor : No TaskScheduler/ScheduledExecutorService bean found for scheduled processing
2022-09-13 18:29:49.236  INFO 7864 --- [    Test worker] c.m.b.s.d.posts.PostsRepositoryTest      : Started PostsRepositoryTest in 7.39 seconds (JVM running for 11.813)
Hibernate: insert into posts (create_date, modified_date, author, content, title) values (?, ?, ?, ?, ?)
Hibernate: select posts0_.id as id1_0_, posts0_.create_date as create_d2_0_, posts0_.modified_date as modified3_0_, posts0_.author as author4_0_, posts0_.content as content5_0_, posts0_.title as title6_0_ from posts posts0_
Hibernate: select posts0_.id as id1_0_, posts0_.create_date as create_d2_0_, posts0_.modified_date as modified3_0_, posts0_.author as author4_0_, posts0_.content as content5_0_, posts0_.title as title6_0_ from posts posts0_
Hibernate: delete from posts where id=?
Hibernate: insert into posts (create_date, modified_date, author, content, title) values (?, ?, ?, ?, ?)
Hibernate: select posts0_.id as id1_0_, posts0_.create_date as create_d2_0_, posts0_.modified_date as modified3_0_, posts0_.author as author4_0_, posts0_.content as content5_0_, posts0_.title as title6_0_ from posts posts0_
>>>>>>>>> createDate=2022-09-13T18:29:49.691444, modifiedDate=2022-09-13T18:29:49.691444
Hibernate: select posts0_.id as id1_0_, posts0_.create_date as create_d2_0_, posts0_.modified_date as modified3_0_, posts0_.author as author4_0_, posts0_.content as content5_0_, posts0_.title as title6_0_ from posts posts0_
Hibernate: delete from posts where id=?
]]></system-out>
  <system-err><![CDATA[]]></system-err>
</testsuite>
