<?xml version="1.0" encoding="UTF-8"?>
<testsuite name="com.mjh8518.book.springstudy.web.IndexControllerTest" tests="1" skipped="0" failures="0" errors="0" timestamp="2022-09-13T09:29:53" hostname="DESKTOP-IJH42MS" time="0.248">
  <properties/>
  <testcase name="메인페이지_로딩()" classname="com.mjh8518.book.springstudy.web.IndexControllerTest" time="0.248"/>
  <system-out><![CDATA[2022-09-13 18:29:51.074  INFO 7864 --- [    Test worker] .b.t.c.SpringBootTestContextBootstrapper : Neither @ContextConfiguration nor @ContextHierarchy found for test class [com.mjh8518.book.springstudy.web.IndexControllerTest], using SpringBootContextLoader
2022-09-13 18:29:51.075  INFO 7864 --- [    Test worker] o.s.t.c.support.AbstractContextLoader    : Could not detect default resource locations for test class [com.mjh8518.book.springstudy.web.IndexControllerTest]: no resource found for suffixes {-context.xml, Context.groovy}.
2022-09-13 18:29:51.076  INFO 7864 --- [    Test worker] t.c.s.AnnotationConfigContextLoaderUtils : Could not detect default configuration classes for test class [com.mjh8518.book.springstudy.web.IndexControllerTest]: IndexControllerTest does not declare any static, non-private, non-final, nested classes annotated with @Configuration.
2022-09-13 18:29:51.078  INFO 7864 --- [    Test worker] .b.t.c.SpringBootTestContextBootstrapper : Found @SpringBootConfiguration com.mjh8518.book.springstudy.Application for test class com.mjh8518.book.springstudy.web.IndexControllerTest
2022-09-13 18:29:51.080  INFO 7864 --- [    Test worker] .b.t.c.SpringBootTestContextBootstrapper : Loaded default TestExecutionListener class names from location [META-INF/spring.factories]: [org.springframework.security.test.context.support.WithSecurityContextTestExecutionListener, org.springframework.security.test.context.support.ReactorContextTestExecutionListener, org.springframework.boot.test.autoconfigure.restdocs.RestDocsTestExecutionListener, org.springframework.boot.test.autoconfigure.web.client.MockRestServiceServerResetTestExecutionListener, org.springframework.boot.test.autoconfigure.web.servlet.MockMvcPrintOnlyOnFailureTestExecutionListener, org.springframework.boot.test.autoconfigure.web.servlet.WebDriverTestExecutionListener, org.springframework.boot.test.autoconfigure.webservices.client.MockWebServiceServerTestExecutionListener, org.springframework.boot.test.mock.mockito.MockitoTestExecutionListener, org.springframework.boot.test.mock.mockito.ResetMocksTestExecutionListener, org.springframework.test.context.web.ServletTestExecutionListener, org.springframework.test.context.support.DirtiesContextBeforeModesTestExecutionListener, org.springframework.test.context.support.DependencyInjectionTestExecutionListener, org.springframework.test.context.support.DirtiesContextTestExecutionListener, org.springframework.test.context.transaction.TransactionalTestExecutionListener, org.springframework.test.context.jdbc.SqlScriptsTestExecutionListener, org.springframework.test.context.event.EventPublishingTestExecutionListener]
2022-09-13 18:29:51.082  INFO 7864 --- [    Test worker] .b.t.c.SpringBootTestContextBootstrapper : Using TestExecutionListeners: [org.springframework.test.context.web.ServletTestExecutionListener@588b02a0, org.springframework.test.context.support.DirtiesContextBeforeModesTestExecutionListener@2100b770, org.springframework.boot.test.mock.mockito.MockitoTestExecutionListener@349469db, org.springframework.boot.test.autoconfigure.SpringBootDependencyInjectionTestExecutionListener@2c3a2935, org.springframework.test.context.support.DirtiesContextTestExecutionListener@2ca4b010, org.springframework.test.context.transaction.TransactionalTestExecutionListener@83b39c3, org.springframework.test.context.jdbc.SqlScriptsTestExecutionListener@1f7653ae, org.springframework.security.test.context.support.WithSecurityContextTestExecutionListener@62f8b2f4, org.springframework.test.context.event.EventPublishingTestExecutionListener@6bd5aa8b, org.springframework.security.test.context.support.ReactorContextTestExecutionListener@3af17313, org.springframework.boot.test.autoconfigure.restdocs.RestDocsTestExecutionListener@1737acc0, org.springframework.boot.test.autoconfigure.web.client.MockRestServiceServerResetTestExecutionListener@30ffc3c0, org.springframework.boot.test.autoconfigure.web.servlet.MockMvcPrintOnlyOnFailureTestExecutionListener@76b8b6a6, org.springframework.boot.test.autoconfigure.web.servlet.WebDriverTestExecutionListener@47e02a89, org.springframework.boot.test.autoconfigure.webservices.client.MockWebServiceServerTestExecutionListener@6d9bcf19, org.springframework.boot.test.mock.mockito.ResetMocksTestExecutionListener@23b4f0a9]

  .   ____          _            __ _ _
 /\\ / ___'_ __ _ _(_)_ __  __ _ \ \ \ \
( ( )\___ | '_ | '_| | '_ \/ _` | \ \ \ \
 \\/  ___)| |_)| | | | | || (_| |  ) ) ) )
  '  |____| .__|_| |_|_| |_\__, | / / / /
 =========|_|==============|___/=/_/_/_/
 :: Spring Boot ::                (v2.4.1)

2022-09-13 18:29:51.131  INFO 7864 --- [    Test worker] c.m.b.s.web.IndexControllerTest          : Starting IndexControllerTest using Java 11.0.15 on DESKTOP-IJH42MS with PID 7864 (started by mjh85 in C:\Users\mjh85\SpringProject\springstudy)
2022-09-13 18:29:51.132  INFO 7864 --- [    Test worker] c.m.b.s.web.IndexControllerTest          : No active profile set, falling back to default profiles: default
2022-09-13 18:29:51.442  INFO 7864 --- [    Test worker] .s.d.r.c.RepositoryConfigurationDelegate : Bootstrapping Spring Data JPA repositories in DEFAULT mode.
2022-09-13 18:29:51.472  INFO 7864 --- [    Test worker] .s.d.r.c.RepositoryConfigurationDelegate : Finished Spring Data repository scanning in 29 ms. Found 2 JPA repository interfaces.
2022-09-13 18:29:51.922  INFO 7864 --- [    Test worker] o.s.b.w.embedded.tomcat.TomcatWebServer  : Tomcat initialized with port(s): 0 (http)
2022-09-13 18:29:51.935  INFO 7864 --- [    Test worker] o.apache.catalina.core.StandardService   : Starting service [Tomcat]
2022-09-13 18:29:51.936  INFO 7864 --- [    Test worker] org.apache.catalina.core.StandardEngine  : Starting Servlet engine: [Apache Tomcat/9.0.41]
2022-09-13 18:29:52.076  INFO 7864 --- [    Test worker] o.a.c.c.C.[Tomcat].[localhost].[/]       : Initializing Spring embedded WebApplicationContext
2022-09-13 18:29:52.076  INFO 7864 --- [    Test worker] w.s.c.ServletWebServerApplicationContext : Root WebApplicationContext: initialization completed in 939 ms
2022-09-13 18:29:52.121  INFO 7864 --- [    Test worker] com.zaxxer.hikari.HikariDataSource       : HikariPool-2 - Starting...
2022-09-13 18:29:52.122  INFO 7864 --- [    Test worker] com.zaxxer.hikari.HikariDataSource       : HikariPool-2 - Start completed.
2022-09-13 18:29:52.123  INFO 7864 --- [    Test worker] o.s.b.a.h2.H2ConsoleAutoConfiguration    : H2 console available at '/h2-console'. Database available at 'jdbc:h2:mem:testdb'
2022-09-13 18:29:52.294  INFO 7864 --- [    Test worker] o.hibernate.jpa.internal.util.LogHelper  : HHH000204: Processing PersistenceUnitInfo [name: default]
2022-09-13 18:29:52.308  INFO 7864 --- [    Test worker] org.hibernate.dialect.Dialect            : HHH000400: Using dialect: org.hibernate.dialect.MySQL57Dialect
Hibernate: drop table if exists posts
Hibernate: drop table if exists user
Hibernate: create table posts (id bigint not null auto_increment, create_date datetime(6), modified_date datetime(6), author varchar(255), content TEXT not null, title varchar(500) not null, primary key (id)) engine=InnoDB
Hibernate: create table user (id bigint not null auto_increment, create_date datetime(6), modified_date datetime(6), email varchar(255), name varchar(255) not null, picture varchar(255), role varchar(255) not null, primary key (id)) engine=InnoDB
2022-09-13 18:29:52.384  INFO 7864 --- [    Test worker] o.h.e.t.j.p.i.JtaPlatformInitiator       : HHH000490: Using JtaPlatform implementation: [org.hibernate.engine.transaction.jta.platform.internal.NoJtaPlatform]
2022-09-13 18:29:52.385  INFO 7864 --- [    Test worker] j.LocalContainerEntityManagerFactoryBean : Initialized JPA EntityManagerFactory for persistence unit 'default'
2022-09-13 18:29:52.728  WARN 7864 --- [    Test worker] JpaBaseConfiguration$JpaWebConfiguration : spring.jpa.open-in-view is enabled by default. Therefore, database queries may be performed during view rendering. Explicitly configure spring.jpa.open-in-view to disable this warning
2022-09-13 18:29:52.979  INFO 7864 --- [    Test worker] o.s.s.web.DefaultSecurityFilterChain     : Will secure any request with [org.springframework.security.web.context.request.async.WebAsyncManagerIntegrationFilter@745e1fb7, org.springframework.security.web.context.SecurityContextPersistenceFilter@3d1b91d1, org.springframework.security.web.header.HeaderWriterFilter@b7526a9, org.springframework.security.web.authentication.logout.LogoutFilter@659f5f32, org.springframework.security.oauth2.client.web.OAuth2AuthorizationRequestRedirectFilter@46984524, org.springframework.security.oauth2.client.web.OAuth2LoginAuthenticationFilter@65a86de0, org.springframework.security.web.authentication.ui.DefaultLoginPageGeneratingFilter@727d937a, org.springframework.security.web.authentication.ui.DefaultLogoutPageGeneratingFilter@4d484961, org.springframework.security.web.savedrequest.RequestCacheAwareFilter@5304ac92, org.springframework.security.web.servletapi.SecurityContextHolderAwareRequestFilter@71669835, org.springframework.security.web.authentication.AnonymousAuthenticationFilter@497d9489, org.springframework.security.web.session.SessionManagementFilter@18f37d6e, org.springframework.security.web.access.ExceptionTranslationFilter@2a68932b, org.springframework.security.web.access.intercept.FilterSecurityInterceptor@816272a]
2022-09-13 18:29:53.138  INFO 7864 --- [    Test worker] o.s.s.concurrent.ThreadPoolTaskExecutor  : Initializing ExecutorService 'applicationTaskExecutor'
2022-09-13 18:29:53.187  INFO 7864 --- [    Test worker] o.s.b.a.w.s.WelcomePageHandlerMapping    : Adding welcome page template: index
2022-09-13 18:29:53.483  INFO 7864 --- [    Test worker] o.s.b.w.embedded.tomcat.TomcatWebServer  : Tomcat started on port(s): 55419 (http) with context path ''
2022-09-13 18:29:53.486  INFO 7864 --- [    Test worker] s.a.ScheduledAnnotationBeanPostProcessor : No TaskScheduler/ScheduledExecutorService bean found for scheduled processing
2022-09-13 18:29:53.488  INFO 7864 --- [    Test worker] c.m.b.s.web.IndexControllerTest          : Started IndexControllerTest in 2.402 seconds (JVM running for 16.066)
2022-09-13 18:29:53.646  INFO 7864 --- [o-auto-1-exec-1] o.a.c.c.C.[Tomcat].[localhost].[/]       : Initializing Spring DispatcherServlet 'dispatcherServlet'
2022-09-13 18:29:53.647  INFO 7864 --- [o-auto-1-exec-1] o.s.web.servlet.DispatcherServlet        : Initializing Servlet 'dispatcherServlet'
2022-09-13 18:29:53.648  INFO 7864 --- [o-auto-1-exec-1] o.s.web.servlet.DispatcherServlet        : Completed initialization in 1 ms
Hibernate: select posts0_.id as id1_0_, posts0_.create_date as create_d2_0_, posts0_.modified_date as modified3_0_, posts0_.author as author4_0_, posts0_.content as content5_0_, posts0_.title as title6_0_ from posts posts0_ order by posts0_.id DESC
]]></system-out>
  <system-err><![CDATA[]]></system-err>
</testsuite>
