<?xml version="1.0" encoding="UTF-8"?>
<testsuite name="com.mjh8518.book.springstudy.web.PostApiControllerTest" tests="2" skipped="0" failures="0" errors="0" timestamp="2022-09-13T09:29:53" hostname="DESKTOP-IJH42MS" time="0.122">
  <properties/>
  <testcase name="Posts_등록된다()" classname="com.mjh8518.book.springstudy.web.PostApiControllerTest" time="0.09"/>
  <testcase name="Posts_수정된다()" classname="com.mjh8518.book.springstudy.web.PostApiControllerTest" time="0.03"/>
  <system-out><![CDATA[2022-09-13 18:29:53.749  INFO 7864 --- [    Test worker] .b.t.c.SpringBootTestContextBootstrapper : Neither @ContextConfiguration nor @ContextHierarchy found for test class [com.mjh8518.book.springstudy.web.PostApiControllerTest], using SpringBootContextLoader
2022-09-13 18:29:53.750  INFO 7864 --- [    Test worker] o.s.t.c.support.AbstractContextLoader    : Could not detect default resource locations for test class [com.mjh8518.book.springstudy.web.PostApiControllerTest]: no resource found for suffixes {-context.xml, Context.groovy}.
2022-09-13 18:29:53.750  INFO 7864 --- [    Test worker] t.c.s.AnnotationConfigContextLoaderUtils : Could not detect default configuration classes for test class [com.mjh8518.book.springstudy.web.PostApiControllerTest]: PostApiControllerTest does not declare any static, non-private, non-final, nested classes annotated with @Configuration.
2022-09-13 18:29:53.752  INFO 7864 --- [    Test worker] .b.t.c.SpringBootTestContextBootstrapper : Found @SpringBootConfiguration com.mjh8518.book.springstudy.Application for test class com.mjh8518.book.springstudy.web.PostApiControllerTest
2022-09-13 18:29:53.753  INFO 7864 --- [    Test worker] .b.t.c.SpringBootTestContextBootstrapper : Loaded default TestExecutionListener class names from location [META-INF/spring.factories]: [org.springframework.security.test.context.support.WithSecurityContextTestExecutionListener, org.springframework.security.test.context.support.ReactorContextTestExecutionListener, org.springframework.boot.test.autoconfigure.restdocs.RestDocsTestExecutionListener, org.springframework.boot.test.autoconfigure.web.client.MockRestServiceServerResetTestExecutionListener, org.springframework.boot.test.autoconfigure.web.servlet.MockMvcPrintOnlyOnFailureTestExecutionListener, org.springframework.boot.test.autoconfigure.web.servlet.WebDriverTestExecutionListener, org.springframework.boot.test.autoconfigure.webservices.client.MockWebServiceServerTestExecutionListener, org.springframework.boot.test.mock.mockito.MockitoTestExecutionListener, org.springframework.boot.test.mock.mockito.ResetMocksTestExecutionListener, org.springframework.test.context.web.ServletTestExecutionListener, org.springframework.test.context.support.DirtiesContextBeforeModesTestExecutionListener, org.springframework.test.context.support.DependencyInjectionTestExecutionListener, org.springframework.test.context.support.DirtiesContextTestExecutionListener, org.springframework.test.context.transaction.TransactionalTestExecutionListener, org.springframework.test.context.jdbc.SqlScriptsTestExecutionListener, org.springframework.test.context.event.EventPublishingTestExecutionListener]
2022-09-13 18:29:53.754  INFO 7864 --- [    Test worker] .b.t.c.SpringBootTestContextBootstrapper : Using TestExecutionListeners: [org.springframework.test.context.web.ServletTestExecutionListener@4d37a4d7, org.springframework.test.context.support.DirtiesContextBeforeModesTestExecutionListener@3bca3dee, org.springframework.boot.test.mock.mockito.MockitoTestExecutionListener@32fcccd4, org.springframework.boot.test.autoconfigure.SpringBootDependencyInjectionTestExecutionListener@77fec3b6, org.springframework.test.context.support.DirtiesContextTestExecutionListener@71fd082, org.springframework.test.context.transaction.TransactionalTestExecutionListener@6d50b8c2, org.springframework.test.context.jdbc.SqlScriptsTestExecutionListener@399e43d0, org.springframework.security.test.context.support.WithSecurityContextTestExecutionListener@387cd426, org.springframework.test.context.event.EventPublishingTestExecutionListener@411e886b, org.springframework.security.test.context.support.ReactorContextTestExecutionListener@2960ae22, org.springframework.boot.test.autoconfigure.restdocs.RestDocsTestExecutionListener@622be81d, org.springframework.boot.test.autoconfigure.web.client.MockRestServiceServerResetTestExecutionListener@3c28cd9a, org.springframework.boot.test.autoconfigure.web.servlet.MockMvcPrintOnlyOnFailureTestExecutionListener@94047a4, org.springframework.boot.test.autoconfigure.web.servlet.WebDriverTestExecutionListener@257de910, org.springframework.boot.test.autoconfigure.webservices.client.MockWebServiceServerTestExecutionListener@18ab86a2, org.springframework.boot.test.mock.mockito.ResetMocksTestExecutionListener@6295cc30]
2022-09-13 18:29:53.766  INFO 7864 --- [    Test worker] o.a.c.c.C.[Tomcat].[localhost].[/]       : Initializing Spring TestDispatcherServlet ''
2022-09-13 18:29:53.766  INFO 7864 --- [    Test worker] o.s.t.web.servlet.TestDispatcherServlet  : Initializing Servlet ''
2022-09-13 18:29:53.767  INFO 7864 --- [    Test worker] o.s.t.web.servlet.TestDispatcherServlet  : Completed initialization in 1 ms
Hibernate: insert into posts (create_date, modified_date, author, content, title) values (?, ?, ?, ?, ?)
Hibernate: select posts0_.id as id1_0_, posts0_.create_date as create_d2_0_, posts0_.modified_date as modified3_0_, posts0_.author as author4_0_, posts0_.content as content5_0_, posts0_.title as title6_0_ from posts posts0_
Hibernate: select posts0_.id as id1_0_, posts0_.create_date as create_d2_0_, posts0_.modified_date as modified3_0_, posts0_.author as author4_0_, posts0_.content as content5_0_, posts0_.title as title6_0_ from posts posts0_
Hibernate: delete from posts where id=?
2022-09-13 18:29:53.852  INFO 7864 --- [    Test worker] o.a.c.c.C.[Tomcat].[localhost].[/]       : Initializing Spring TestDispatcherServlet ''
2022-09-13 18:29:53.852  INFO 7864 --- [    Test worker] o.s.t.web.servlet.TestDispatcherServlet  : Initializing Servlet ''
2022-09-13 18:29:53.853  INFO 7864 --- [    Test worker] o.s.t.web.servlet.TestDispatcherServlet  : Completed initialization in 1 ms
Hibernate: insert into posts (create_date, modified_date, author, content, title) values (?, ?, ?, ?, ?)
Hibernate: select posts0_.id as id1_0_0_, posts0_.create_date as create_d2_0_0_, posts0_.modified_date as modified3_0_0_, posts0_.author as author4_0_0_, posts0_.content as content5_0_0_, posts0_.title as title6_0_0_ from posts posts0_ where posts0_.id=?
Hibernate: update posts set create_date=?, modified_date=?, author=?, content=?, title=? where id=?
Hibernate: select posts0_.id as id1_0_, posts0_.create_date as create_d2_0_, posts0_.modified_date as modified3_0_, posts0_.author as author4_0_, posts0_.content as content5_0_, posts0_.title as title6_0_ from posts posts0_
Hibernate: select posts0_.id as id1_0_, posts0_.create_date as create_d2_0_, posts0_.modified_date as modified3_0_, posts0_.author as author4_0_, posts0_.content as content5_0_, posts0_.title as title6_0_ from posts posts0_
Hibernate: delete from posts where id=?
]]></system-out>
  <system-err><![CDATA[]]></system-err>
</testsuite>
