<?xml version="1.0" encoding="UTF-8"?>
<testsuite name="com.mjh8518.book.springstudy.web.HelloControllerTest" tests="2" skipped="0" failures="0" errors="0" timestamp="2022-09-13T09:29:50" hostname="DESKTOP-IJH42MS" time="0.239">
  <properties/>
  <testcase name="hello가_리턴된다()" classname="com.mjh8518.book.springstudy.web.HelloControllerTest" time="0.13"/>
  <testcase name="helloDto가_리턴된다()" classname="com.mjh8518.book.springstudy.web.HelloControllerTest" time="0.108"/>
  <system-out><![CDATA[2022-09-13 18:29:49.715  INFO 7864 --- [    Test worker] .b.t.a.w.s.WebMvcTestContextBootstrapper : Neither @ContextConfiguration nor @ContextHierarchy found for test class [com.mjh8518.book.springstudy.web.HelloControllerTest], using SpringBootContextLoader
2022-09-13 18:29:49.717  INFO 7864 --- [    Test worker] o.s.t.c.support.AbstractContextLoader    : Could not detect default resource locations for test class [com.mjh8518.book.springstudy.web.HelloControllerTest]: no resource found for suffixes {-context.xml, Context.groovy}.
2022-09-13 18:29:49.718  INFO 7864 --- [    Test worker] t.c.s.AnnotationConfigContextLoaderUtils : Could not detect default configuration classes for test class [com.mjh8518.book.springstudy.web.HelloControllerTest]: HelloControllerTest does not declare any static, non-private, non-final, nested classes annotated with @Configuration.
2022-09-13 18:29:49.744  INFO 7864 --- [    Test worker] .b.t.c.SpringBootTestContextBootstrapper : Found @SpringBootConfiguration com.mjh8518.book.springstudy.Application for test class com.mjh8518.book.springstudy.web.HelloControllerTest
2022-09-13 18:29:49.745  INFO 7864 --- [    Test worker] .b.t.a.w.s.WebMvcTestContextBootstrapper : Loaded default TestExecutionListener class names from location [META-INF/spring.factories]: [org.springframework.security.test.context.support.WithSecurityContextTestExecutionListener, org.springframework.security.test.context.support.ReactorContextTestExecutionListener, org.springframework.boot.test.autoconfigure.restdocs.RestDocsTestExecutionListener, org.springframework.boot.test.autoconfigure.web.client.MockRestServiceServerResetTestExecutionListener, org.springframework.boot.test.autoconfigure.web.servlet.MockMvcPrintOnlyOnFailureTestExecutionListener, org.springframework.boot.test.autoconfigure.web.servlet.WebDriverTestExecutionListener, org.springframework.boot.test.autoconfigure.webservices.client.MockWebServiceServerTestExecutionListener, org.springframework.boot.test.mock.mockito.MockitoTestExecutionListener, org.springframework.boot.test.mock.mockito.ResetMocksTestExecutionListener, org.springframework.test.context.web.ServletTestExecutionListener, org.springframework.test.context.support.DirtiesContextBeforeModesTestExecutionListener, org.springframework.test.context.support.DependencyInjectionTestExecutionListener, org.springframework.test.context.support.DirtiesContextTestExecutionListener, org.springframework.test.context.transaction.TransactionalTestExecutionListener, org.springframework.test.context.jdbc.SqlScriptsTestExecutionListener, org.springframework.test.context.event.EventPublishingTestExecutionListener]
2022-09-13 18:29:49.749  INFO 7864 --- [    Test worker] .b.t.a.w.s.WebMvcTestContextBootstrapper : Using TestExecutionListeners: [org.springframework.test.context.web.ServletTestExecutionListener@7640a191, org.springframework.test.context.support.DirtiesContextBeforeModesTestExecutionListener@504a9352, org.springframework.boot.test.mock.mockito.MockitoTestExecutionListener@48e1e18a, org.springframework.boot.test.autoconfigure.SpringBootDependencyInjectionTestExecutionListener@74997ca6, org.springframework.test.context.support.DirtiesContextTestExecutionListener@7a6078d, org.springframework.test.context.transaction.TransactionalTestExecutionListener@372c428, org.springframework.test.context.jdbc.SqlScriptsTestExecutionListener@4458887d, org.springframework.security.test.context.support.WithSecurityContextTestExecutionListener@7b1bb01c, org.springframework.test.context.event.EventPublishingTestExecutionListener@4c364a9d, org.springframework.security.test.context.support.ReactorContextTestExecutionListener@597084b7, org.springframework.boot.test.autoconfigure.restdocs.RestDocsTestExecutionListener@59ebe484, org.springframework.boot.test.autoconfigure.web.client.MockRestServiceServerResetTestExecutionListener@7fd624f5, org.springframework.boot.test.autoconfigure.web.servlet.MockMvcPrintOnlyOnFailureTestExecutionListener@1cafb30, org.springframework.boot.test.autoconfigure.web.servlet.WebDriverTestExecutionListener@5cc28282, org.springframework.boot.test.autoconfigure.webservices.client.MockWebServiceServerTestExecutionListener@5a0b925a, org.springframework.boot.test.mock.mockito.ResetMocksTestExecutionListener@14b4f462]

  .   ____          _            __ _ _
 /\\ / ___'_ __ _ _(_)_ __  __ _ \ \ \ \
( ( )\___ | '_ | '_| | '_ \/ _` | \ \ \ \
 \\/  ___)| |_)| | | | | || (_| |  ) ) ) )
  '  |____| .__|_| |_|_| |_\__, | / / / /
 =========|_|==============|___/=/_/_/_/
 :: Spring Boot ::                (v2.4.1)

2022-09-13 18:29:49.787  INFO 7864 --- [    Test worker] c.m.b.s.web.HelloControllerTest          : Starting HelloControllerTest using Java 11.0.15 on DESKTOP-IJH42MS with PID 7864 (started by mjh85 in C:\Users\mjh85\SpringProject\springstudy)
2022-09-13 18:29:49.788  INFO 7864 --- [    Test worker] c.m.b.s.web.HelloControllerTest          : No active profile set, falling back to default profiles: default
2022-09-13 18:29:50.254  INFO 7864 --- [    Test worker] o.s.s.concurrent.ThreadPoolTaskExecutor  : Initializing ExecutorService 'applicationTaskExecutor'
2022-09-13 18:29:50.303  INFO 7864 --- [    Test worker] o.s.b.a.w.s.WelcomePageHandlerMapping    : Adding welcome page template: index
2022-09-13 18:29:50.681  INFO 7864 --- [    Test worker] o.s.s.web.DefaultSecurityFilterChain     : Will secure any request with [org.springframework.security.web.context.request.async.WebAsyncManagerIntegrationFilter@3bbab2c9, org.springframework.security.web.context.SecurityContextPersistenceFilter@9751c9, org.springframework.security.web.header.HeaderWriterFilter@3e7935f1, org.springframework.security.web.csrf.CsrfFilter@63019596, org.springframework.security.web.authentication.logout.LogoutFilter@71cdde0c, org.springframework.security.oauth2.client.web.OAuth2AuthorizationRequestRedirectFilter@3fe33c59, org.springframework.security.oauth2.client.web.OAuth2AuthorizationRequestRedirectFilter@34e700f4, org.springframework.security.oauth2.client.web.OAuth2LoginAuthenticationFilter@4a5cddd9, org.springframework.security.web.authentication.ui.DefaultLoginPageGeneratingFilter@23f16852, org.springframework.security.web.authentication.ui.DefaultLogoutPageGeneratingFilter@27b9d5b7, org.springframework.security.web.savedrequest.RequestCacheAwareFilter@c1bcea1, org.springframework.security.web.servletapi.SecurityContextHolderAwareRequestFilter@7bbab46e, org.springframework.security.web.authentication.AnonymousAuthenticationFilter@625d2b6d, org.springframework.security.oauth2.client.web.OAuth2AuthorizationCodeGrantFilter@3e92bded, org.springframework.security.web.session.SessionManagementFilter@3c2188b0, org.springframework.security.web.access.ExceptionTranslationFilter@51bba775, org.springframework.security.web.access.intercept.FilterSecurityInterceptor@79177bc]
2022-09-13 18:29:50.802  INFO 7864 --- [    Test worker] o.s.b.t.m.w.SpringBootMockServletContext : Initializing Spring TestDispatcherServlet ''
2022-09-13 18:29:50.802  INFO 7864 --- [    Test worker] o.s.t.web.servlet.TestDispatcherServlet  : Initializing Servlet ''
2022-09-13 18:29:50.803  INFO 7864 --- [    Test worker] o.s.t.web.servlet.TestDispatcherServlet  : Completed initialization in 1 ms
2022-09-13 18:29:50.825  INFO 7864 --- [    Test worker] c.m.b.s.web.HelloControllerTest          : Started HelloControllerTest in 1.07 seconds (JVM running for 13.402)
]]></system-out>
  <system-err><![CDATA[]]></system-err>
</testsuite>
